[19:45:01] ============================================================
[19:45:01] 开始更新技术文档 - 2026-04-17 19:45:01.178048
[19:45:01] ============================================================
[19:45:01] ============================================================
[19:45:01] 📝 技术文档自动更新（优化版）
[19:45:01] 📅 日期: 2026年04月17日
[19:45:01] ============================================================
[19:45:01] 🎯 主题: 微服务架构设计
[19:45:01] 📝 步骤 1/3: 生成HTML文档
[19:45:01] ✅ HTML文档已生成: /root/.openclaw/workspace/tech-blog/history/2026/04/20260417.html
[19:45:01] 🎨 步骤 2/3: 生成图片
[19:45:01] 📊 质量标准: 文件200KB-800KB, 分辨率≥1280x720, 比例16:9
[19:45:01] 🖼️  生成图片: 微服务架构设计... (尝试 1)
[19:45:08] ⚠️  图片质量不达标，重新生成...
[19:45:11] 🖼️  生成图片: 微服务架构设计... (尝试 2)
[19:45:15] ⚠️  图片质量不达标，重新生成...
[19:45:18] 🖼️  生成图片: 微服务架构设计... (尝试 3)
[19:45:19] ❌ 图片生成失败
[19:45:19] 🔄 步骤 3/3: 更新首页
[19:45:19] ✅ 首页已更新
[19:45:19] 📝 正在提交到Git...
