[08:59:39] ============================================================
[08:59:39] 开始更新技术文档 - 2026-03-31 08:59:39.588726
[08:59:39] ============================================================
[08:59:39] ============================================================
[08:59:39] 📝 技术文档自动更新
[08:59:39] 📅 日期: 2026年03月31日
[08:59:39] ============================================================
[08:59:39] 🎯 主题: Python编程技巧与最佳实践
[08:59:39] 📝 步骤 1/3: 生成HTML文档
[08:59:39] ✅ HTML文档已生成: /home/swg/.openclaw/workspace/tech-blog/history/2026/03/20260331.html
[08:59:39] 🎨 步骤 2/3: 生成图片
[08:59:39] 📊 质量标准: 文件200KB-800KB, 分辨率≥1280x720, 比例16:9
[08:59:39] 🖼️  生成图片: Python编程技巧与最佳实践... (尝试 1)
[08:59:43] ✅ 图片生成成功且质量合格
[08:59:43] 🔄 步骤 3/3: 更新首页
[08:59:43] ✅ 首页已更新
[08:59:43] ============================================================
[08:59:43] ✅ 技术文档自动更新完成！
[08:59:43] 📅 日期: 2026年03月31日
[08:59:43] 🎯 主题: Python编程技巧与最佳实践
[08:59:43] 🖼️  图片: ✅ 已生成
[08:59:43] ============================================================
