[19:45:02] ============================================================
[19:45:02] 开始更新技术文档 - 2026-04-21 19:45:02.033470
[19:45:02] ============================================================
[19:45:02] ============================================================
[19:45:02] 📝 技术文档自动更新（优化版）
[19:45:02] 📅 日期: 2026年04月21日
[19:45:02] ============================================================
[19:45:02] 🎯 主题: Python编程技巧与最佳实践
[19:45:02] 📝 步骤 1/3: 生成HTML文档
[19:45:02] ✅ HTML文档已生成: /root/.openclaw/workspace/tech-blog/history/2026/04/20260421.html
[19:45:02] 🎨 步骤 2/3: 生成图片
[19:45:02] 📊 质量标准: 文件200KB-800KB, 分辨率≥1280x720, 比例16:9
[19:45:02] 🖼️  生成图片: Python编程技巧与最佳实践... (尝试 1)
[19:45:03] ⚠️  图片生成失败，重试...
[19:45:06] 🖼️  生成图片: Python编程技巧与最佳实践... (尝试 2)
[19:45:06] ⚠️  图片生成失败，重试...
[19:45:09] 🖼️  生成图片: Python编程技巧与最佳实践... (尝试 3)
[19:45:10] ❌ 图片生成失败
[19:45:10] 🔄 步骤 3/3: 更新首页
[19:45:10] ✅ 首页已更新
[19:45:10] 📝 正在提交到Git...
[19:45:10] ✅ Git提交成功
[19:45:14] ✅ 推送到GitHub成功
[19:45:14] ============================================================
[19:45:14] ✅ 技术文档自动更新完成！
[19:45:14] 📅 日期: 2026年04月21日
[19:45:14] 🎯 主题: Python编程技巧与最佳实践
[19:45:14] 🖼️  图片: ❌ 生成失败
[19:45:14] ============================================================
[19:45:15] ✅ 飞书通知已发送: 格式技术文档早上7点45更新任务完成。主题：Python编程技巧与最佳实践
