[21:36:10] ============================================================
[21:36:10] 开始更新技术文档 - 2026-04-14 21:36:10.824068
[21:36:10] ============================================================
[21:36:10] ============================================================
[21:36:10] 📝 技术文档自动更新（优化版）
[21:36:10] 📅 日期: 2026年04月14日
[21:36:10] ============================================================
[21:36:10] 🎯 主题: Linux系统管理技巧
[21:36:10] 📝 步骤 1/3: 生成HTML文档
[21:36:10] ✅ HTML文档已生成: /root/.openclaw/workspace/tech-blog/history/2026/04/20260414.html
[21:36:10] 🎨 步骤 2/3: 生成图片
[21:36:10] 📊 质量标准: 文件200KB-800KB, 分辨率≥1280x720, 比例16:9
[21:36:10] 🖼️  生成图片: Linux系统管理技巧... (尝试 1)
[21:36:14] ⚠️  图片质量不达标，重新生成...
[21:36:17] 🖼️  生成图片: Linux系统管理技巧... (尝试 2)
[21:36:21] ⚠️  图片质量不达标，重新生成...
[21:36:24] 🖼️  生成图片: Linux系统管理技巧... (尝试 3)
[21:36:28] ⚠️  图片质量未达标但已达到最大重试次数
[21:36:28] 🔄 步骤 3/3: 更新首页
[21:36:28] ✅ 首页已更新
[21:36:28] 📝 正在提交到Git...
