[19:45:05] ============================================================
[19:45:05] 开始更新技术文档 - 2026-04-19 19:45:05.512363
[19:45:05] ============================================================
[19:45:05] ============================================================
[19:45:05] 📝 技术文档自动更新（优化版）
[19:45:05] 📅 日期: 2026年04月19日
[19:45:05] ============================================================
[19:45:05] 🎯 主题: DevOps自动化流程
[19:45:05] 📝 步骤 1/3: 生成HTML文档
[19:45:05] ✅ HTML文档已生成: /root/.openclaw/workspace/tech-blog/history/2026/04/20260419.html
[19:45:05] 🎨 步骤 2/3: 生成图片
[19:45:05] 📊 质量标准: 文件200KB-800KB, 分辨率≥1280x720, 比例16:9
[19:45:05] 🖼️  生成图片: DevOps自动化流程... (尝试 1)
[19:45:09] ✅ 图片生成成功且质量合格
[19:45:09] 🔄 步骤 3/3: 更新首页
[19:45:09] ✅ 首页已更新
[19:45:09] 📝 正在提交到Git...
[19:45:10] ✅ Git提交成功
[19:45:17] ✅ 推送到GitHub成功
[19:45:17] ============================================================
[19:45:17] ✅ 技术文档自动更新完成！
[19:45:17] 📅 日期: 2026年04月19日
[19:45:17] 🎯 主题: DevOps自动化流程
[19:45:17] 🖼️  图片: ✅ 已生成
[19:45:17] ============================================================
[19:45:18] ✅ 飞书通知已发送: 格式技术文档早上7点45更新任务完成。主题：DevOps自动化流程
