[08:36:11] ============================================================
[08:36:11] 开始更新技术文档 - 2026-03-30 08:36:11.868878
[08:36:11] ============================================================
[08:36:11] ============================================================
[08:36:11] 📝 技术文档自动更新
[08:36:11] 📅 日期: 2026年03月30日
[08:36:11] ============================================================
[08:36:11] 🎯 主题: Docker容器化部署指南
[08:36:11] 📝 步骤 1/3: 生成HTML文档
[08:36:11] ✅ HTML文档已生成: /home/swg/.openclaw/workspace/tech-blog/history/2026/03/20260330.html
[08:36:11] 🎨 步骤 2/3: 生成图片
[08:36:11] 📊 质量标准: 文件200KB-800KB, 分辨率≥1280x720, 比例16:9
[08:36:11] 🖼️  生成图片: Docker容器化部署指南... (尝试 1)
[08:36:15] ✅ 图片生成成功且质量合格
[08:36:15] 🔄 步骤 3/3: 更新首页
[08:36:15] ✅ 首页已更新
[08:36:15] ============================================================
[08:36:15] ✅ 技术文档自动更新完成！
[08:36:15] 📅 日期: 2026年03月30日
[08:36:15] 🎯 主题: Docker容器化部署指南
[08:36:15] 🖼️  图片: ✅ 已生成
[08:36:15] ============================================================
[10:19:55] ============================================================
[10:19:55] 开始更新技术文档 - 2026-03-30 10:19:55.339701
[10:19:55] ============================================================
[10:19:55] ============================================================
[10:19:55] 📝 技术文档自动更新
[10:19:55] 📅 日期: 2026年03月30日
[10:19:55] ============================================================
[10:19:55] 🎯 主题: 微服务架构设计
[10:19:55] 📝 步骤 1/3: 生成HTML文档
[10:19:55] ✅ HTML文档已生成: /home/swg/.openclaw/workspace/tech-blog/history/2026/03/20260330.html
[10:19:55] 🎨 步骤 2/3: 生成图片
[10:19:55] 📊 质量标准: 文件200KB-800KB, 分辨率≥1280x720, 比例16:9
[10:19:55] 🖼️  生成图片: 微服务架构设计... (尝试 1)
[10:19:58] ✅ 图片生成成功且质量合格
[10:19:58] 🔄 步骤 3/3: 更新首页
[10:19:58] ✅ 首页已更新
[10:19:58] 📝 正在提交到Git...
[10:19:58] ✅ Git提交成功
[10:20:01] ⚠️  推送到GitHub失败
[10:20:01] ============================================================
[10:20:01] ✅ 技术文档自动更新完成！
[10:20:01] 📅 日期: 2026年03月30日
[10:20:01] 🎯 主题: 微服务架构设计
[10:20:01] 🖼️  图片: ✅ 已生成
[10:20:01] ============================================================
