[01:00:01] ============================================================
[01:00:01] 开始更新技术文档 - 2026-04-10 01:00:01.166780
[01:00:01] ============================================================
[01:00:01] ============================================================
[01:00:01] 📝 技术文档自动更新
[01:00:01] 📅 日期: 2026年04月10日
[01:00:01] ============================================================
[01:00:01] 🎯 主题: 人工智能应用开发
[01:00:01] 📝 步骤 1/3: 生成HTML文档
[01:00:01] ✅ HTML文档已生成: /home/swg/.openclaw/workspace/tech-blog/history/2026/04/20260410.html
[01:00:01] 🎨 步骤 2/3: 生成图片
[01:00:01] 📊 质量标准: 文件200KB-800KB, 分辨率≥1280x720, 比例16:9
[01:00:01] 🖼️  生成图片: 人工智能应用开发... (尝试 1)
[01:00:04] ✅ 图片生成成功且质量合格
[01:00:04] 🔄 步骤 3/3: 更新首页
[01:00:04] ✅ 首页已更新
[01:00:04] 📝 正在提交到Git...
[01:00:04] ✅ Git提交成功
[01:00:09] ✅ 推送到GitHub成功
[01:00:09] ============================================================
[01:00:09] ✅ 技术文档自动更新完成！
[01:00:09] 📅 日期: 2026年04月10日
[01:00:09] 🎯 主题: 人工智能应用开发
[01:00:09] 🖼️  图片: ✅ 已生成
[01:00:09] ============================================================
[04:13:33] ============================================================
[04:13:33] 开始更新技术文档 - 2026-04-10 04:13:33.421207
[04:13:33] ============================================================
[04:14:44] ============================================================
[04:14:44] 开始更新技术文档 - 2026-04-10 04:14:44.013899
[04:14:44] ============================================================
[04:14:44] ============================================================
[04:14:44] 📝 技术文档自动更新（优化版）
[04:14:44] 📅 日期: 2026年04月10日
[04:14:44] ============================================================
[04:14:44] 🎯 主题: 人工智能应用开发
[04:14:44] 📝 步骤 1/3: 生成HTML文档
[04:14:44] ❌ 未找到主题内容: 人工智能应用开发
[04:29:16] ============================================================
[04:29:16] 开始更新技术文档 - 2026-04-10 04:29:16.522399
[04:29:16] ============================================================
[04:29:16] ============================================================
[04:29:16] 📝 技术文档自动更新
[04:29:16] 📅 日期: 2026年04月10日
[04:29:16] ============================================================
[04:29:16] 🎯 主题: 人工智能应用开发
[04:29:16] 📝 步骤 1/3: 生成HTML文档
[04:29:16] ✅ HTML文档已生成: /home/swg/.openclaw/workspace/tech-blog/history/2026/04/20260410.html
[04:29:16] 🎨 步骤 2/3: 生成图片
[04:29:16] 📊 质量标准: 文件200KB-800KB, 分辨率≥1280x720, 比例16:9
[04:29:16] 🖼️  生成图片: 人工智能应用开发... (尝试 1)
[04:29:19] ✅ 图片生成成功且质量合格
[04:29:19] 🔄 步骤 3/3: 更新首页
[04:29:19] ✅ 首页已更新
[04:29:19] ============================================================
[04:29:19] ✅ 技术文档自动更新完成！
[04:29:19] 📅 日期: 2026年04月10日
[04:29:19] 🎯 主题: 人工智能应用开发
[04:29:19] 🖼️  图片: ✅ 已生成
[04:29:19] ============================================================
[04:32:50] ============================================================
[04:32:50] 开始更新技术文档 - 2026-04-10 04:32:50.916406
[04:32:50] ============================================================
[04:34:03] ============================================================
[04:34:03] 开始更新技术文档 - 2026-04-10 04:34:03.873078
[04:34:03] ============================================================
[04:34:03] ============================================================
[04:34:03] 📝 技术文档自动更新（优化版）
[04:34:03] 📅 日期: 2026年04月10日
[04:34:03] ============================================================
[04:34:03] 🎯 主题: 人工智能应用开发
[04:34:03] 📝 步骤 1/3: 生成HTML文档
[04:34:03] ✅ HTML文档已生成: /home/swg/.openclaw/workspace/tech-blog/history/2026/04/20260410.html
[04:34:03] 🎨 步骤 2/3: 生成图片
[04:34:03] 📊 质量标准: 文件200KB-800KB, 分辨率≥1280x720, 比例16:9
[04:34:03] 🖼️  生成图片: 人工智能应用开发... (尝试 1)
[04:34:07] ✅ 图片生成成功且质量合格
[04:34:07] 🔄 步骤 3/3: 更新首页
[04:34:07] ✅ 首页已更新
[04:34:07] ============================================================
[04:34:07] ✅ 技术文档自动更新完成！
[04:34:07] 📅 日期: 2026年04月10日
[04:34:07] 🎯 主题: 人工智能应用开发
[04:34:07] 🖼️  图片: ✅ 已生成
[04:34:07] ============================================================
