[01:00:01] ============================================================
[01:00:01] 开始更新技术文档 - 2026-04-07 01:00:01.507497
[01:00:01] ============================================================
[01:00:01] ============================================================
[01:00:01] 📝 技术文档自动更新
[01:00:01] 📅 日期: 2026年04月07日
[01:00:01] ============================================================
[01:00:01] 🎯 主题: 云原生技术实践
[01:00:01] 📝 步骤 1/3: 生成HTML文档
[01:00:01] ✅ HTML文档已生成: /home/swg/.openclaw/workspace/tech-blog/history/2026/04/20260407.html
[01:00:01] 🎨 步骤 2/3: 生成图片
[01:00:01] 📊 质量标准: 文件200KB-800KB, 分辨率≥1280x720, 比例16:9
[01:00:01] 🖼️  生成图片: 云原生技术实践... (尝试 1)
[01:00:04] ✅ 图片生成成功且质量合格
[01:00:04] 🔄 步骤 3/3: 更新首页
[01:00:04] ✅ 首页已更新
[01:00:04] 📝 正在提交到Git...
[01:00:04] ✅ Git提交成功
[01:00:09] ✅ 推送到GitHub成功
[01:00:09] ============================================================
[01:00:09] ✅ 技术文档自动更新完成！
[01:00:09] 📅 日期: 2026年04月07日
[01:00:09] 🎯 主题: 云原生技术实践
[01:00:09] 🖼️  图片: ✅ 已生成
[01:00:09] ============================================================
[04:47:38] ============================================================
[04:47:38] 开始更新技术文档 - 2026-04-07 04:47:38.983665
[04:47:38] ============================================================
[04:47:38] ============================================================
[04:47:38] 📝 技术文档自动更新
[04:47:38] 📅 日期: 2026年04月07日
[04:47:38] ============================================================
[04:47:38] 🎯 主题: 微服务架构设计
[04:47:38] 📝 步骤 1/3: 生成HTML文档
[04:47:38] ✅ HTML文档已生成: /home/swg/.openclaw/workspace/tech-blog/history/2026/04/20260407.html
[04:47:38] 🎨 步骤 2/3: 生成图片
[04:47:38] 📊 质量标准: 文件200KB-800KB, 分辨率≥1280x720, 比例16:9
[04:47:38] 🖼️  生成图片: 微服务架构设计... (尝试 1)
[04:47:43] ✅ 图片生成成功且质量合格
[04:47:43] 🔄 步骤 3/3: 更新首页
[04:47:43] ✅ 首页已更新
[04:47:43] ============================================================
[04:47:43] ✅ 技术文档自动更新完成！
[04:47:43] 📅 日期: 2026年04月07日
[04:47:43] 🎯 主题: 微服务架构设计
[04:47:43] 🖼️  图片: ✅ 已生成
[04:47:43] ============================================================
[04:49:15] ============================================================
[04:49:15] 开始更新技术文档 - 2026-04-07 04:49:15.980625
[04:49:15] ============================================================
[04:49:15] ============================================================
[04:49:15] 📝 技术文档自动更新
[04:49:15] 📅 日期: 2026年04月07日
[04:49:15] ============================================================
[04:49:15] 🎯 主题: 微服务架构设计
[04:49:15] 📝 步骤 1/3: 生成HTML文档
[04:49:15] ✅ HTML文档已生成: /home/swg/.openclaw/workspace/tech-blog/history/2026/04/20260407.html
[04:49:15] 🎨 步骤 2/3: 生成图片
[04:49:15] 📊 质量标准: 文件200KB-800KB, 分辨率≥1280x720, 比例16:9
[04:49:15] 🖼️  生成图片: 微服务架构设计... (尝试 1)
[04:49:19] ✅ 图片生成成功且质量合格
[04:49:19] 🔄 步骤 3/3: 更新首页
[04:49:19] ✅ 首页已更新
[04:49:19] ============================================================
[04:49:19] ✅ 技术文档自动更新完成！
[04:49:19] 📅 日期: 2026年04月07日
[04:49:19] 🎯 主题: 微服务架构设计
[04:49:19] 🖼️  图片: ✅ 已生成
[04:49:19] ============================================================
