[11:35:02] ============================================================
[11:35:02] 开始更新技术文档 - 2026-04-13 11:35:02.619616
[11:35:02] ============================================================
[11:35:02] ============================================================
[11:35:02] 📝 技术文档自动更新（优化版）
[11:35:02] 📅 日期: 2026年04月13日
[11:35:02] ============================================================
[11:35:02] 🎯 主题: Git版本控制高级用法
[11:35:02] 📝 步骤 1/3: 生成HTML文档
[11:35:02] ✅ HTML文档已生成: /root/.openclaw/workspace/tech-blog/history/2026/04/20260413.html
[11:35:02] 🎨 步骤 2/3: 生成图片
[11:35:02] 📊 质量标准: 文件200KB-800KB, 分辨率≥1280x720, 比例16:9
[11:35:02] 🖼️  生成图片: Git版本控制高级用法... (尝试 1)
[11:35:07] ⚠️  图片质量不达标，重新生成...
[11:35:10] 🖼️  生成图片: Git版本控制高级用法... (尝试 2)
[11:35:14] ⚠️  图片质量不达标，重新生成...
[11:35:17] 🖼️  生成图片: Git版本控制高级用法... (尝试 3)
[11:35:20] ⚠️  图片质量未达标但已达到最大重试次数
[11:35:20] 🔄 步骤 3/3: 更新首页
[11:35:20] ✅ 首页已更新
[11:35:20] 📝 正在提交到Git...
[11:35:20] ✅ Git提交成功
[11:35:26] ✅ 推送到GitHub成功
[11:35:26] ============================================================
[11:35:26] ✅ 技术文档自动更新完成！
[11:35:26] 📅 日期: 2026年04月13日
[11:35:26] 🎯 主题: Git版本控制高级用法
[11:35:26] 🖼️  图片: ✅ 已生成
[11:35:26] ============================================================
