[08:02:50] ============================================================
[08:02:50] 开始更新技术文档 - 2026-04-30 08:02:50.588764
[08:02:50] ============================================================
[08:02:50] ============================================================
[08:02:50] 📝 技术文档自动更新（优化版）
[08:02:50] 📅 日期: 2026年04月30日
[08:02:50] ============================================================
[08:02:50] 🎯 主题: 人工智能应用开发
[08:02:50] 📝 步骤 1/3: 生成HTML文档
[08:02:50] ✅ HTML文档已生成: /home/swg/.openclaw/workspace/tech/history/2026/04/20260430.html
[08:02:50] 🎨 步骤 2/3: 生成图片
[08:02:50] 📊 质量标准: 文件200KB-800KB, 分辨率≥1280x720, 比例16:9
[08:02:50] 🖼️  生成图片: 人工智能应用开发... (尝试 1)
[08:02:50] ⚠️  图片生成失败，重试...
[08:02:53] 🖼️  生成图片: 人工智能应用开发... (尝试 2)
[08:02:53] ⚠️  图片生成失败，重试...
[08:02:56] 🖼️  生成图片: 人工智能应用开发... (尝试 3)
[08:02:56] ❌ 图片生成失败
[08:02:56] 🔄 步骤 3/3: 更新首页
[08:02:56] ✅ 首页已更新
[08:02:56] 📝 正在提交到Git...
[08:02:56] ✅ Git提交成功
[08:02:57] ⚠️  推送到GitHub失败
[08:02:57] ============================================================
[08:02:57] ✅ 技术文档自动更新完成！
[08:02:57] 📅 日期: 2026年04月30日
[08:02:57] 🎯 主题: 人工智能应用开发
[08:02:57] 🖼️  图片: ❌ 生成失败
[08:02:57] ============================================================
[08:02:57] ❌ 发送飞书通知失败: [Errno 13] Permission denied: '/root/.openclaw/openclaw.json'
