[07:25:54] ============================================================
[07:25:54] 开始更新技术文档 - 2026-04-01 07:25:54.449404
[07:25:54] ============================================================
[07:25:54] ============================================================
[07:25:54] 📝 技术文档自动更新
[07:25:54] 📅 日期: 2026年04月01日
[07:25:54] ============================================================
[07:25:54] 🎯 主题: 数据库优化策略
[07:25:54] 📝 步骤 1/3: 生成HTML文档
[07:25:54] ✅ HTML文档已生成: /home/swg/.openclaw/workspace/tech-blog/history/2026/04/20260401.html
[07:25:54] 🎨 步骤 2/3: 生成图片
[07:25:54] 📊 质量标准: 文件200KB-800KB, 分辨率≥1280x720, 比例16:9
[07:25:54] 🖼️  生成图片: 数据库优化策略... (尝试 1)
[07:25:57] ✅ 图片生成成功且质量合格
[07:25:57] 🔄 步骤 3/3: 更新首页
[07:25:57] ✅ 首页已更新
[07:25:57] 📝 正在提交到Git...
[07:25:57] ✅ Git提交成功
[07:26:03] ✅ 推送到GitHub成功
[07:26:03] ============================================================
[07:26:03] ✅ 技术文档自动更新完成！
[07:26:03] 📅 日期: 2026年04月01日
[07:26:03] 🎯 主题: 数据库优化策略
[07:26:03] 🖼️  图片: ✅ 已生成
[07:26:03] ============================================================
