[01:00:01] ============================================================
[01:00:01] 开始更新技术文档 - 2026-04-02 01:00:01.800827
[01:00:01] ============================================================
[01:00:01] ============================================================
[01:00:01] 📝 技术文档自动更新
[01:00:01] 📅 日期: 2026年04月02日
[01:00:01] ============================================================
[01:00:01] 🎯 主题: Linux系统管理技巧
[01:00:01] 📝 步骤 1/3: 生成HTML文档
[01:00:01] ✅ HTML文档已生成: /home/swg/.openclaw/workspace/tech-blog/history/2026/04/20260402.html
[01:00:01] 🎨 步骤 2/3: 生成图片
[01:00:01] 📊 质量标准: 文件200KB-800KB, 分辨率≥1280x720, 比例16:9
[01:00:01] 🖼️  生成图片: Linux系统管理技巧... (尝试 1)
[01:00:05] ✅ 图片生成成功且质量合格
[01:00:05] 🔄 步骤 3/3: 更新首页
[01:00:05] ✅ 首页已更新
[01:00:05] 📝 正在提交到Git...
[01:00:05] ✅ Git提交成功
[01:00:10] ✅ 推送到GitHub成功
[01:00:10] ============================================================
[01:00:10] ✅ 技术文档自动更新完成！
[01:00:10] 📅 日期: 2026年04月02日
[01:00:10] 🎯 主题: Linux系统管理技巧
[01:00:10] 🖼️  图片: ✅ 已生成
[01:00:10] ============================================================
